<?xml version="1.0" encoding="UTF-8"?>
<!-- Generated by org.testng.reporters.JUnitReportReporter -->
<testsuite hostname="zeldris" failures="0" tests="7" name="jokowaskito.test.axiata.digital.labs.glue.StepDefinition" time="23.720" errors="0" timestamp="2022-02-04T10:22:41 WIB" skipped="0">
  <testcase classname="jokowaskito.test.axiata.digital.labs.glue.StepDefinition" name="InitializeObject" time="5.840"/>
  <system-out/>
  <testcase classname="jokowaskito.test.axiata.digital.labs.glue.StepDefinition" name="Home_Page" time="2.187"/>
  <system-out/>
  <testcase classname="jokowaskito.test.axiata.digital.labs.glue.StepDefinition" name="SignIn_Page" time="3.176"/>
  <system-out/>
  <testcase classname="jokowaskito.test.axiata.digital.labs.glue.StepDefinition" name="Add_Gists" time="3.190"/>
  <system-out/>
  <testcase classname="jokowaskito.test.axiata.digital.labs.glue.StepDefinition" name="Delete_Gists" time="3.235"/>
  <system-out/>
  <testcase classname="jokowaskito.test.axiata.digital.labs.glue.StepDefinition" name="Edit_Gists" time="3.179"/>
  <system-out/>
  <testcase classname="jokowaskito.test.axiata.digital.labs.glue.StepDefinition" name="Logout" time="2.913"/>
  <system-out/>
</testsuite> <!-- jokowaskito.test.axiata.digital.labs.glue.StepDefinition -->
